d:\cmu\courses\sem-1\24-780 engineering computation\demo_arpitsah\demo_arpitsah\x64\debug\vc143.pdb
d:\cmu\courses\sem-1\24-780 engineering computation\demo_arpitsah\demo_arpitsah\x64\debug\vc143.idb
d:\cmu\courses\sem-1\24-780 engineering computation\demo_arpitsah\demo_arpitsah\x64\debug\yssimplesound_dsound.obj
d:\cmu\courses\sem-1\24-780 engineering computation\demo_arpitsah\demo_arpitsah\x64\debug\yssimplesound.obj
d:\cmu\courses\sem-1\24-780 engineering computation\demo_arpitsah\demo_arpitsah\x64\debug\yspng.obj
d:\cmu\courses\sem-1\24-780 engineering computation\demo_arpitsah\demo_arpitsah\x64\debug\utils.obj
d:\cmu\courses\sem-1\24-780 engineering computation\demo_arpitsah\demo_arpitsah\x64\debug\spaceship.obj
d:\cmu\courses\sem-1\24-780 engineering computation\demo_arpitsah\demo_arpitsah\x64\debug\graphicfont.obj
d:\cmu\courses\sem-1\24-780 engineering computation\demo_arpitsah\demo_arpitsah\x64\debug\fssimplewindow.obj
d:\cmu\courses\sem-1\24-780 engineering computation\demo_arpitsah\demo_arpitsah\x64\debug\drawingutilng.obj
d:\cmu\courses\sem-1\24-780 engineering computation\demo_arpitsah\demo_arpitsah\x64\debug\demo_arpitsah.obj
d:\cmu\courses\sem-1\24-780 engineering computation\demo_arpitsah\demo_arpitsah\x64\debug\background.obj
d:\cmu\courses\sem-1\24-780 engineering computation\demo_arpitsah\demo_arpitsah\x64\debug\ysglfontdata.obj
d:\cmu\courses\sem-1\24-780 engineering computation\demo_arpitsah\x64\debug\demo_arpitsah.exe
d:\cmu\courses\sem-1\24-780 engineering computation\demo_arpitsah\demo_arpitsah\x64\debug\demo_arpitsah.ilk
d:\cmu\courses\sem-1\24-780 engineering computation\demo_arpitsah\x64\debug\demo_arpitsah.pdb
d:\cmu\courses\sem-1\24-780 engineering computation\demo_arpitsah\demo_arpitsah\x64\debug\demo_arpitsah.tlog\cl.command.1.tlog
d:\cmu\courses\sem-1\24-780 engineering computation\demo_arpitsah\demo_arpitsah\x64\debug\demo_arpitsah.tlog\cl.read.1.tlog
d:\cmu\courses\sem-1\24-780 engineering computation\demo_arpitsah\demo_arpitsah\x64\debug\demo_arpitsah.tlog\cl.write.1.tlog
d:\cmu\courses\sem-1\24-780 engineering computation\demo_arpitsah\demo_arpitsah\x64\debug\demo_arpitsah.tlog\link.command.1.tlog
d:\cmu\courses\sem-1\24-780 engineering computation\demo_arpitsah\demo_arpitsah\x64\debug\demo_arpitsah.tlog\link.read.1.tlog
d:\cmu\courses\sem-1\24-780 engineering computation\demo_arpitsah\demo_arpitsah\x64\debug\demo_arpitsah.tlog\link.write.1.tlog
